2025-07-04 11:45:49,951 [INFO] Activator:176 - 


2025-07-04 11:45:49,952 [INFO] Activator:177 - !SESSION log4j initialized
2025-07-04 11:45:54,201 [INFO] LogOutputStream:77 - [STDOUT_REDIRECT] 
2025-07-04 11:45:58,274 [INFO] ApplicationProperties:184 - Using Application install path: /opt/st/stm32cubeide_1.18.1/plugins/com.st.stm32cube.common.mx_6.14.1.202504091515
2025-07-04 11:45:58,284 [INFO] DbMcusXml:78 - Set database path to: /opt/st/stm32cubeide_1.18.1/plugins/com.st.stm32cube.common.mx_6.14.1.202504091515//db//mcu/
2025-07-04 11:45:58,284 [INFO] ApiDb:274 - Set plugin database path to: /opt/st/stm32cubeide_1.18.1/plugins/com.st.stm32cube.common.mx_6.14.1.202504091515//db//plugins/boardmanager/
2025-07-04 11:45:58,284 [WARN] ApiDb:259 - Overriding images path with different value:  => /opt/st/stm32cubeide_1.18.1/plugins/com.st.stm32cube.common.mx_6.14.1.202504091515//db//plugins/mcufinder/images/
2025-07-04 11:45:58,287 [INFO] ApiDb:250 - Set database path to: /home/if-himanshu/.stmcufinder/plugins/mcufinder//mcu/
2025-07-04 11:45:58,288 [INFO] DbMcusAds:125 - Set database path to: /home/if-himanshu/.stmcufinder/plugins/mcufinder//mcu/
2025-07-04 11:45:58,289 [INFO] CrossReferenceDbSqlite:203 - Set database path to: /home/if-himanshu/.stmcufinder/plugins/mcufinder//mcu/cs/
2025-07-04 11:45:58,351 [INFO] RulesReader:64 - Compatibility file has been processed (302 Rules)
2025-07-04 11:45:58,388 [INFO] DbMcusXml:78 - Set database path to: /opt/st/stm32cubeide_1.18.1/plugins/com.st.stm32cube.common.mx_6.14.1.202504091515//db//mcu/
2025-07-04 11:45:58,388 [INFO] ApiDb:274 - Set plugin database path to: /opt/st/stm32cubeide_1.18.1/plugins/com.st.stm32cube.common.mx_6.14.1.202504091515//db//plugins/boardmanager/
2025-07-04 11:45:58,388 [INFO] ApiDb:261 - Set plugin images path to: /opt/st/stm32cubeide_1.18.1/plugins/com.st.stm32cube.common.mx_6.14.1.202504091515//db//plugins/mcufinder/images/
2025-07-04 11:45:58,388 [WARN] DbFile:41 - Overriding database path with different value: /home/if-himanshu/.stmcufinder/plugins/mcufinder/ => /home/if-himanshu/.stmcufinder/plugins/mcufinder
2025-07-04 11:45:58,388 [INFO] ApiDb:250 - Set database path to: /home/if-himanshu/.stmcufinder/plugins/mcufinder//mcu/
2025-07-04 11:45:58,388 [WARN] DbFile:41 - Overriding database path with different value: /home/if-himanshu/.stmcufinder/plugins/mcufinder/ => /home/if-himanshu/.stmcufinder/plugins/mcufinder
2025-07-04 11:45:58,388 [INFO] DbMcusAds:125 - Set database path to: /home/if-himanshu/.stmcufinder/plugins/mcufinder//mcu/
2025-07-04 11:45:58,388 [WARN] DbFile:41 - Overriding database path with different value: /home/if-himanshu/.stmcufinder/plugins/mcufinder/ => /home/if-himanshu/.stmcufinder/plugins/mcufinder
2025-07-04 11:45:58,388 [WARN] DbFile:41 - Overriding database path with different value: /home/if-himanshu/.stmcufinder/plugins/mcufinder/ => /home/if-himanshu/.stmcufinder/plugins/mcufinder
2025-07-04 11:45:58,389 [INFO] CrossReferenceDbSqlite:203 - Set database path to: /home/if-himanshu/.stmcufinder/plugins/mcufinder//mcu/cs/
2025-07-04 11:45:58,432 [INFO] MainPanel:272 - HeapMemory: 268435456
2025-07-04 11:45:58,494 [INFO] DbMcusXml:78 - Set database path to: /opt/st/stm32cubeide_1.18.1/plugins/com.st.stm32cube.common.mx_6.14.1.202504091515//db//mcu/
2025-07-04 11:45:58,494 [INFO] ApiDb:274 - Set plugin database path to: /opt/st/stm32cubeide_1.18.1/plugins/com.st.stm32cube.common.mx_6.14.1.202504091515//db//plugins/boardmanager/
2025-07-04 11:45:58,494 [INFO] ApiDb:261 - Set plugin images path to: /opt/st/stm32cubeide_1.18.1/plugins/com.st.stm32cube.common.mx_6.14.1.202504091515//db//plugins/mcufinder/images/
2025-07-04 11:45:58,494 [WARN] DbFile:41 - Overriding database path with different value: /home/if-himanshu/.stmcufinder/plugins/mcufinder/ => /home/if-himanshu/.stmcufinder/plugins/mcufinder
2025-07-04 11:45:58,494 [INFO] ApiDb:250 - Set database path to: /home/if-himanshu/.stmcufinder/plugins/mcufinder//mcu/
2025-07-04 11:45:58,494 [WARN] DbFile:41 - Overriding database path with different value: /home/if-himanshu/.stmcufinder/plugins/mcufinder/ => /home/if-himanshu/.stmcufinder/plugins/mcufinder
2025-07-04 11:45:58,494 [INFO] DbMcusAds:125 - Set database path to: /home/if-himanshu/.stmcufinder/plugins/mcufinder//mcu/
2025-07-04 11:45:58,494 [WARN] DbFile:41 - Overriding database path with different value: /home/if-himanshu/.stmcufinder/plugins/mcufinder/ => /home/if-himanshu/.stmcufinder/plugins/mcufinder
2025-07-04 11:45:58,494 [WARN] DbFile:41 - Overriding database path with different value: /home/if-himanshu/.stmcufinder/plugins/mcufinder/ => /home/if-himanshu/.stmcufinder/plugins/mcufinder
2025-07-04 11:45:58,494 [INFO] CrossReferenceDbSqlite:203 - Set database path to: /home/if-himanshu/.stmcufinder/plugins/mcufinder//mcu/cs/
2025-07-04 11:45:58,503 [INFO] ApplicationProperties:184 - Using Application install path: /opt/st/stm32cubeide_1.18.1/plugins/com.st.stm32cube.common.mx_6.14.1.202504091515
2025-07-04 11:45:58,504 [INFO] PluginManage:196 - Search for loadable plugins [exclusion list=, ]
2025-07-04 11:45:58,505 [INFO] PluginManage:310 - Check plugin analytics
2025-07-04 11:45:58,602 [INFO] AnalyticsPlugin:253 - Accepted Software Licenses: STM32CubeMX.6.14.0,STM32CubeMX.6.14.1
2025-07-04 11:45:58,602 [INFO] AnalyticsPlugin:255 - Accepted CMSIS Pack Licenses: 
2025-07-04 11:45:58,602 [INFO] AnalyticsPlugin:257 - Accepted Firmware Licenses: FW.G0.1.6.0,FW.G4.1.6.0,FW.H5.1.5.0,FW.F4.1.28.0
2025-07-04 11:45:58,603 [INFO] PluginManage:359 - Loaded plugin analytics (category:tool,tabindex:-1)
2025-07-04 11:45:58,603 [INFO] PluginManage:310 - Check plugin cadmodel
2025-07-04 11:45:58,606 [INFO] CADModel:105 - Init CAD model plugin
2025-07-04 11:45:58,606 [INFO] PluginManage:359 - Loaded plugin cadmodel (category:power,tabindex:5)
2025-07-04 11:45:58,606 [INFO] PluginManage:310 - Check plugin clock
2025-07-04 11:45:58,612 [INFO] PluginManage:359 - Loaded plugin clock (category:base,tabindex:2)
2025-07-04 11:45:58,612 [INFO] PluginManage:310 - Check plugin ddr
2025-07-04 11:45:58,613 [INFO] PluginManage:359 - Loaded plugin ddr (category:tool,tabindex:6)
2025-07-04 11:45:58,613 [INFO] PluginManage:310 - Check plugin filemanager
2025-07-04 11:45:58,743 [INFO] PluginManage:359 - Loaded plugin filemanager (category:base,tabindex:10)
2025-07-04 11:45:58,743 [INFO] PluginManage:310 - Check plugin ipmanager
2025-07-04 11:45:58,747 [INFO] PluginManage:359 - Loaded plugin ipmanager (category:base,tabindex:5)
2025-07-04 11:45:58,747 [INFO] PluginManage:310 - Check plugin lpbam
2025-07-04 11:45:58,753 [INFO] PluginManage:359 - Loaded plugin lpbam (category:base,tabindex:0)
2025-07-04 11:45:58,753 [INFO] PluginManage:310 - Check plugin memorymap
2025-07-04 11:45:58,759 [INFO] PluginManage:359 - Loaded plugin memorymap (category:base,tabindex:4)
2025-07-04 11:45:58,759 [INFO] PluginManage:310 - Check plugin pinoutandconfiguration
2025-07-04 11:45:58,762 [INFO] PluginManage:359 - Loaded plugin pinoutandconfiguration (category:base,tabindex:1)
2025-07-04 11:45:58,763 [INFO] PluginManage:310 - Check plugin pinoutconfig
2025-07-04 11:45:58,808 [WARN] SupportedApi:132 - Cannot load RTOS API schema: s4s-elt-must-match.1: The content of 'definitions' must match (annotation?, (simpleType | complexType)?, (unique | key | keyref)*)). A problem was found starting at: attribute.
2025-07-04 11:45:58,884 [INFO] PluginManage:359 - Loaded plugin pinoutconfig (category:base,tabindex:0)
2025-07-04 11:45:58,884 [INFO] PluginManage:310 - Check plugin power
2025-07-04 11:45:58,887 [INFO] PluginManage:359 - Loaded plugin power (category:power,tabindex:4)
2025-07-04 11:45:58,888 [INFO] PluginManage:310 - Check plugin projectmanager
2025-07-04 11:45:58,899 [INFO] PluginManage:359 - Loaded plugin projectmanager (category:projectmanager,tabindex:4)
2025-07-04 11:45:58,899 [INFO] PluginManage:310 - Check plugin rif
2025-07-04 11:45:58,904 [INFO] PluginManage:359 - Loaded plugin rif (category:base,tabindex:3)
2025-07-04 11:45:58,904 [INFO] PluginManage:310 - Check plugin thirdparty
2025-07-04 11:45:58,974 [INFO] PluginManage:359 - Loaded plugin thirdparty (category:base,tabindex:-1)
2025-07-04 11:45:58,974 [WARN] IntegrityCheckThread:84 - waiting for thirdparty lock release [integrity check]
2025-07-04 11:45:58,974 [INFO] PluginManage:310 - Check plugin tools
2025-07-04 11:45:58,974 [INFO] IntegrityCheckThread:86 - entering critical section [integrity check]
2025-07-04 11:45:58,974 [INFO] ThirdPartyUpdaterWithRetryManager:70 - Updater plugin not ready yet. [1/15]
2025-07-04 11:45:58,976 [INFO] PluginManage:359 - Loaded plugin tools (category:base,tabindex:7)
2025-07-04 11:45:58,976 [INFO] PluginManage:310 - Check plugin tutovideos
2025-07-04 11:45:59,074 [INFO] PluginManage:359 - Loaded plugin tutovideos (category:base,tabindex:-1)
2025-07-04 11:45:59,074 [INFO] PluginManage:310 - Check plugin updater
2025-07-04 11:45:59,088 [INFO] PluginManage:359 - Loaded plugin updater (category:base,tabindex:12)
2025-07-04 11:45:59,088 [INFO] PluginManage:310 - Check plugin userauth
2025-07-04 11:45:59,091 [INFO] UserAuth:118 - Init User Auth plugin
2025-07-04 11:45:59,092 [INFO] PluginManage:359 - Loaded plugin userauth (category:base,tabindex:14)
2025-07-04 11:45:59,092 [INFO] PluginManage:283 - PluginManage : Loaded plugins [18]
2025-07-04 11:45:59,211 [INFO] PinOutPanel:1589 - setPackage(No Configuration,No Configuration)
2025-07-04 11:45:59,257 [INFO] CADModel:165 - CPN selected for project level
2025-07-04 11:45:59,257 [INFO] CADModel:114 - Register for checkConnection events
2025-07-04 11:45:59,265 [INFO] IPUIPlugin:80 - create IPUIPlugin
2025-07-04 11:45:59,265 [INFO] PluginManager:220 - loadIPPluginJar : add can
2025-07-04 11:45:59,266 [INFO] IPUIPlugin:80 - create IPUIPlugin
2025-07-04 11:45:59,266 [INFO] PluginManager:220 - loadIPPluginJar : add tsc
2025-07-04 11:45:59,270 [INFO] IPUIPlugin:80 - create IPUIPlugin
2025-07-04 11:45:59,271 [INFO] PluginManager:220 - loadIPPluginJar : add linkedlist
2025-07-04 11:45:59,272 [INFO] IPUIPlugin:80 - create IPUIPlugin
2025-07-04 11:45:59,272 [INFO] PluginManager:220 - loadIPPluginJar : add i2s
2025-07-04 11:45:59,273 [INFO] IPUIPlugin:80 - create IPUIPlugin
2025-07-04 11:45:59,273 [INFO] PluginManager:220 - loadIPPluginJar : add hash
2025-07-04 11:45:59,274 [INFO] IPUIPlugin:80 - create IPUIPlugin
2025-07-04 11:45:59,274 [INFO] PluginManager:220 - loadIPPluginJar : add dma3
2025-07-04 11:45:59,275 [INFO] IPUIPlugin:80 - create IPUIPlugin
2025-07-04 11:45:59,275 [INFO] PluginManager:220 - loadIPPluginJar : add sai
2025-07-04 11:45:59,277 [INFO] IPUIPlugin:80 - create IPUIPlugin
2025-07-04 11:45:59,277 [INFO] PluginManager:220 - loadIPPluginJar : add usbx
2025-07-04 11:45:59,278 [INFO] IPUIPlugin:80 - create IPUIPlugin
2025-07-04 11:45:59,278 [INFO] PluginManager:220 - loadIPPluginJar : add comp
2025-07-04 11:45:59,280 [INFO] IPUIPlugin:80 - create IPUIPlugin
2025-07-04 11:45:59,280 [INFO] PluginManager:220 - loadIPPluginJar : add gpio
2025-07-04 11:45:59,281 [INFO] IPUIPlugin:80 - create IPUIPlugin
2025-07-04 11:45:59,281 [INFO] PluginManager:220 - loadIPPluginJar : add ddr_ctrl_phy
2025-07-04 11:45:59,285 [INFO] IPUIPlugin:80 - create IPUIPlugin
2025-07-04 11:45:59,285 [INFO] PluginManager:220 - loadIPPluginJar : add freertos
2025-07-04 11:45:59,287 [INFO] IPUIPlugin:80 - create IPUIPlugin
2025-07-04 11:45:59,287 [INFO] PluginManager:220 - loadIPPluginJar : add nvic
2025-07-04 11:45:59,292 [INFO] IPUIPlugin:80 - create IPUIPlugin
2025-07-04 11:45:59,292 [INFO] PluginManager:220 - loadIPPluginJar : add adc
2025-07-04 11:45:59,295 [INFO] IPUIPlugin:80 - create IPUIPlugin
2025-07-04 11:45:59,295 [INFO] PluginManager:220 - loadIPPluginJar : add gic
2025-07-04 11:45:59,300 [INFO] IPUIPlugin:80 - create IPUIPlugin
2025-07-04 11:45:59,301 [INFO] PluginManager:220 - loadIPPluginJar : add plateformsettings
2025-07-04 11:45:59,303 [INFO] IPUIPlugin:80 - create IPUIPlugin
2025-07-04 11:45:59,303 [INFO] PluginManager:220 - loadIPPluginJar : add dfsdm
2025-07-04 11:45:59,304 [INFO] IPUIPlugin:80 - create IPUIPlugin
2025-07-04 11:45:59,304 [INFO] PluginManager:220 - loadIPPluginJar : add pdm2pcm
2025-07-04 11:45:59,304 [INFO] IPUIPlugin:80 - create IPUIPlugin
2025-07-04 11:45:59,305 [INFO] PluginManager:220 - loadIPPluginJar : add ucpd
2025-07-04 11:45:59,307 [INFO] IPUIPlugin:80 - create IPUIPlugin
2025-07-04 11:45:59,307 [INFO] PluginManager:220 - loadIPPluginJar : add ipddr
2025-07-04 11:45:59,308 [INFO] IPUIPlugin:80 - create IPUIPlugin
2025-07-04 11:45:59,308 [INFO] PluginManager:220 - loadIPPluginJar : add aes
2025-07-04 11:45:59,310 [INFO] IPUIPlugin:80 - create IPUIPlugin
2025-07-04 11:45:59,310 [INFO] PluginManager:220 - loadIPPluginJar : add openamp
2025-07-04 11:45:59,311 [INFO] IPUIPlugin:80 - create IPUIPlugin
2025-07-04 11:45:59,312 [INFO] PluginManager:220 - loadIPPluginJar : add tim
2025-07-04 11:45:59,314 [INFO] IPUIPlugin:80 - create IPUIPlugin
2025-07-04 11:45:59,314 [INFO] PluginManager:220 - loadIPPluginJar : add lorawan
2025-07-04 11:45:59,316 [INFO] IPUIPlugin:80 - create IPUIPlugin
2025-07-04 11:45:59,316 [INFO] PluginManager:220 - loadIPPluginJar : add cryp
2025-07-04 11:45:59,318 [INFO] IPUIPlugin:80 - create IPUIPlugin
2025-07-04 11:45:59,319 [INFO] PluginManager:220 - loadIPPluginJar : add fmc
2025-07-04 11:45:59,322 [INFO] IPUIPlugin:80 - create IPUIPlugin
2025-07-04 11:45:59,322 [INFO] PluginManager:220 - loadIPPluginJar : add mdma
2025-07-04 11:45:59,324 [INFO] IPUIPlugin:80 - create IPUIPlugin
2025-07-04 11:45:59,324 [INFO] PluginManager:220 - loadIPPluginJar : add extmemmanager
2025-07-04 11:45:59,325 [INFO] IPUIPlugin:80 - create IPUIPlugin
2025-07-04 11:45:59,326 [INFO] PluginManager:220 - loadIPPluginJar : add usart
2025-07-04 11:45:59,327 [INFO] IPUIPlugin:80 - create IPUIPlugin
2025-07-04 11:45:59,327 [INFO] PluginManager:220 - loadIPPluginJar : add opamp
2025-07-04 11:45:59,328 [INFO] IPUIPlugin:80 - create IPUIPlugin
2025-07-04 11:45:59,329 [INFO] PluginManager:220 - loadIPPluginJar : add radio
2025-07-04 11:45:59,329 [INFO] IPUIPlugin:80 - create IPUIPlugin
2025-07-04 11:45:59,330 [INFO] PluginManager:220 - loadIPPluginJar : add spi
2025-07-04 11:45:59,334 [INFO] IPUIPlugin:80 - create IPUIPlugin
2025-07-04 11:45:59,334 [INFO] PluginManager:220 - loadIPPluginJar : add stm32_wpan
2025-07-04 11:45:59,336 [INFO] IPUIPlugin:80 - create IPUIPlugin
2025-07-04 11:45:59,336 [INFO] PluginManager:220 - loadIPPluginJar : add quadspi
2025-07-04 11:45:59,336 [INFO] IPUIPlugin:80 - create IPUIPlugin
2025-07-04 11:45:59,337 [INFO] PluginManager:220 - loadIPPluginJar : add genericplugin
2025-07-04 11:45:59,340 [INFO] IPUIPlugin:80 - create IPUIPlugin
2025-07-04 11:45:59,340 [INFO] PluginManager:220 - loadIPPluginJar : add dma
2025-07-04 11:45:59,341 [INFO] IPUIPlugin:80 - create IPUIPlugin
2025-07-04 11:45:59,341 [INFO] PluginManager:220 - loadIPPluginJar : add gfxmmu
2025-07-04 11:45:59,343 [INFO] IPUIPlugin:80 - create IPUIPlugin
2025-07-04 11:45:59,343 [INFO] PluginManager:220 - loadIPPluginJar : add gtzc
2025-07-04 11:45:59,344 [INFO] IPUIPlugin:80 - create IPUIPlugin
2025-07-04 11:45:59,344 [INFO] PluginManager:220 - loadIPPluginJar : add i3c
2025-07-04 11:45:59,346 [INFO] IPUIPlugin:80 - create IPUIPlugin
2025-07-04 11:45:59,346 [INFO] PluginManager:220 - loadIPPluginJar : add i2c
2025-07-04 11:45:59,346 [INFO] IPUIPlugin:80 - create IPUIPlugin
2025-07-04 11:45:59,346 [INFO] PluginManager:220 - loadIPPluginJar : add ltdc
2025-07-04 11:45:59,347 [INFO] IPUIPlugin:80 - create IPUIPlugin
2025-07-04 11:45:59,347 [INFO] PluginManager:220 - loadIPPluginJar : add fatfs
2025-07-04 11:45:59,348 [INFO] IPUIPlugin:80 - create IPUIPlugin
2025-07-04 11:45:59,348 [INFO] PluginManager:220 - loadIPPluginJar : add tracer_emb
2025-07-04 11:45:59,349 [INFO] IPUIPlugin:80 - create IPUIPlugin
2025-07-04 11:45:59,349 [INFO] PluginManager:220 - loadIPPluginJar : add touchsensing
2025-07-04 11:45:59,351 [INFO] IPUIPlugin:80 - create IPUIPlugin
2025-07-04 11:45:59,351 [INFO] PluginManager:220 - loadIPPluginJar : add resmgrutility
2025-07-04 11:45:59,352 [INFO] IPUIPlugin:80 - create IPUIPlugin
2025-07-04 11:45:59,352 [INFO] PluginManager:220 - loadIPPluginJar : add ts
2025-07-04 11:45:59,446 [FATAL] Updater:351 - Updater called before beeing initialized
2025-07-04 11:45:59,467 [INFO] RulesReader:64 - Compatibility file has been processed (302 Rules)
2025-07-04 11:45:59,474 [INFO] RulesReader:64 - Compatibility file has been processed (302 Rules)
2025-07-04 11:45:59,479 [INFO] CADModel:165 - CPN selected for project level
2025-07-04 11:45:59,479 [INFO] CADModel:114 - Register for checkConnection events
2025-07-04 11:45:59,479 [FATAL] Updater:351 - Updater called before beeing initialized
2025-07-04 11:45:59,479 [ERROR] CADModel:125 - Updater not yet initialized, retry later 
2025-07-04 11:45:59,570 [FATAL] Updater:351 - Updater called before beeing initialized
2025-07-04 11:45:59,571 [INFO] CADModel:165 - CPN selected for project level
2025-07-04 11:45:59,571 [INFO] CADModel:114 - Register for checkConnection events
2025-07-04 11:45:59,571 [FATAL] Updater:351 - Updater called before beeing initialized
2025-07-04 11:45:59,571 [ERROR] CADModel:125 - Updater not yet initialized, retry later 
2025-07-04 11:45:59,573 [FATAL] Updater:351 - Updater called before beeing initialized
2025-07-04 11:45:59,640 [FATAL] Updater:351 - Updater called before beeing initialized
2025-07-04 11:45:59,644 [INFO] DbMcusAds:53 - JSON generation date=Wed May 07 14:37:55 IST 2025 (1746608875484)
2025-07-04 11:45:59,644 [FATAL] Updater:351 - Updater called before beeing initialized
2025-07-04 11:45:59,666 [WARN] DetailPanel:346 - Failed to get advertising image, set to default
2025-07-04 11:45:59,804 [FATAL] Updater:351 - Updater called before beeing initialized
2025-07-04 11:45:59,806 [FATAL] Updater:351 - Updater called before beeing initialized
2025-07-04 11:45:59,806 [FATAL] Updater:351 - Updater called before beeing initialized
2025-07-04 11:45:59,806 [WARN] DetailPanel:346 - Failed to get advertising image, set to default
2025-07-04 11:45:59,807 [FATAL] Updater:351 - Updater called before beeing initialized
2025-07-04 11:45:59,838 [ERROR] Updater:1198 - MainUpdater not yet initialized. External WinMGr cannot be set.
2025-07-04 11:45:59,839 [INFO] Updater:1134 - Updater Version found : 6.14.1
2025-07-04 11:45:59,854 [INFO] ApplicationProperties:184 - Using Application install path: /opt/st/stm32cubeide_1.18.1/plugins/com.st.stm32cube.common.mx_6.14.1.202504091515
2025-07-04 11:46:00,708 [INFO] MainUpdater:2872 - connection check result : 10
2025-07-04 11:46:00,709 [INFO] MainUpdater:289 - Updater Check For Update Now.
2025-07-04 11:46:00,709 [INFO] MicroXplorer:498 - Change Database Version : DB.6.0.141
2025-07-04 11:46:00,713 [INFO] McuFinderGlobals:63 - Set McuFinder mode to 2 (CubeIDE integrated)
2025-07-04 11:46:00,722 [INFO] UserAuth:484 - Internet connection configuration mode: 1
2025-07-04 11:46:00,740 [INFO] JxBrowserEngine:152 - Initiate JxBrowser Engine with user profile folder
2025-07-04 11:46:00,889 [INFO] CheckServerUpdateThread:120 - End of CheckServer Thread
2025-07-04 11:46:01,261 [INFO] WebApp:169 - Instantiating new browser for Auth
2025-07-04 11:46:01,713 [INFO] WebApp:463 - Apply proxy settings
2025-07-04 11:46:01,714 [INFO] WebApp:548 - Chromium requires no authentication
2025-07-04 11:46:01,719 [INFO] WebApp:491 - Direct internet connection detected
2025-07-04 11:46:01,734 [INFO] WebApp:894 - Register for checkConnection events
2025-07-04 11:46:01,735 [INFO] WebApp:463 - Apply proxy settings
2025-07-04 11:46:01,735 [INFO] WebApp:548 - Chromium requires no authentication
2025-07-04 11:46:01,735 [INFO] WebApp:491 - Direct internet connection detected
2025-07-04 11:46:01,821 [INFO] WebApp:225 - Starting web application
2025-07-04 11:46:01,821 [INFO] WebApp:593 - Web application path used /opt/st/stm32cubeide_1.18.1/plugins/com.st.stm32cube.common.mx_6.14.1.202504091515/db/plugins/mcufinder/reactClient1/index.html
2025-07-04 11:46:02,087 [WARN] PackLoader:240 - Cannot read IP mode file for STMicroelectronics.FP-SNS-MOTENVWB1.1.4.0
2025-07-04 11:46:02,095 [WARN] PackLoader:240 - Cannot read IP mode file for STMicroelectronics.FP-ATR-ASTRA1.2.0.2
2025-07-04 11:46:02,097 [INFO] WebApp:191 - Connection restablished
2025-07-04 11:46:02,099 [WARN] PackLoader:240 - Cannot read IP mode file for STMicroelectronics.X-CUBE-SMBUS.2.1.0
2025-07-04 11:46:02,104 [WARN] PackLoader:240 - Cannot read IP mode file for STMicroelectronics.X-CUBE-ST60.1.0.0
2025-07-04 11:46:02,124 [WARN] PackLoader:240 - Cannot read IP mode file for STMicroelectronics.X-CUBE-AZRTOS-F7.1.1.0
2025-07-04 11:46:02,144 [WARN] PackLoader:240 - Cannot read IP mode file for Infineon.AIROC-Wi-Fi-Bluetooth-STM32.1.7.0
2025-07-04 11:46:02,151 [WARN] PackLoader:240 - Cannot read IP mode file for STMicroelectronics.X-CUBE-DISPLAY.3.0.0
2025-07-04 11:46:02,161 [WARN] PackLoader:240 - Cannot read IP mode file for STMicroelectronics.X-CUBE-NFC10.1.0.0
2025-07-04 11:46:02,168 [WARN] PackLoader:240 - Cannot read IP mode file for STMicroelectronics.X-CUBE-BLEMGR.4.0.0
2025-07-04 11:46:02,174 [WARN] PackLoader:240 - Cannot read IP mode file for emotas.I-CUBE-CANOPEN.1.3.0
2025-07-04 11:46:02,177 [WARN] ConditionMgr:438 - getConditionDescription Invalid condition id : Cortex-A Device cause : null
2025-07-04 11:46:02,186 [WARN] ConditionMgr:1044 - genDependencies : Invalid condition id : Cortex-A Device cause : null
2025-07-04 11:46:02,186 [WARN] ConditionMgr:1044 - genDependencies : Invalid condition id : Cortex-A Device cause : null
2025-07-04 11:46:02,186 [WARN] ConditionMgr:1044 - genDependencies : Invalid condition id : Cortex-A Device cause : null
2025-07-04 11:46:02,188 [WARN] PackLoader:240 - Cannot read IP mode file for STMicroelectronics.X-CUBE-AI.10.0.0
2025-07-04 11:46:02,192 [WARN] PackLoader:240 - Cannot read IP mode file for STMicroelectronics.FP-SNS-SMARTAG2.1.2.0
2025-07-04 11:46:02,196 [WARN] PackLoader:240 - Cannot read IP mode file for STMicroelectronics.FP-SNS-FLIGHT1.5.1.0
2025-07-04 11:46:02,201 [INFO] LogOutputStream:77 - [STDOUT_REDIRECT] 1 : Invalid condition id : UX_CORESTACK_Condition cause : null
2025-07-04 11:46:02,202 [INFO] LogOutputStream:77 - [STDOUT_REDIRECT] 1 : Invalid condition id : UX_CORESTACK_Condition cause : null
2025-07-04 11:46:02,202 [INFO] LogOutputStream:77 - [STDOUT_REDIRECT] 1 : Invalid condition id : UX_CORESTACK_Condition cause : null
2025-07-04 11:46:02,202 [INFO] LogOutputStream:77 - [STDOUT_REDIRECT] 1 : Invalid condition id : UX_CORESTACK_Condition cause : null
2025-07-04 11:46:02,202 [INFO] LogOutputStream:77 - [STDOUT_REDIRECT] 1 : Invalid condition id : UX_CORESTACK_Condition cause : null
2025-07-04 11:46:02,204 [WARN] PackLoader:240 - Cannot read IP mode file for STMicroelectronics.X-CUBE-AZRTOS-WL.2.0.0
2025-07-04 11:46:02,208 [WARN] PackLoader:240 - Cannot read IP mode file for STMicroelectronics.FP-SNS-MOTENV1.5.0.0
2025-07-04 11:46:02,213 [WARN] PackLoader:240 - Cannot read IP mode file for WES.I-CUBE-Cesium.1.3.0
2025-07-04 11:46:02,217 [WARN] PackLoader:240 - Cannot read IP mode file for STMicroelectronics.X-CUBE-BLE2.3.3.0
2025-07-04 11:46:02,222 [WARN] PackLoader:240 - Cannot read IP mode file for STMicroelectronics.X-CUBE-NFC9.1.0.0
2025-07-04 11:46:02,227 [WARN] PackLoader:240 - Cannot read IP mode file for wolfSSL.I-CUBE-wolfSSL.5.8.0
2025-07-04 11:46:02,232 [WARN] PackLoader:240 - Cannot read IP mode file for STMicroelectronics.X-CUBE-BLE1.7.1.0
2025-07-04 11:46:02,235 [WARN] PackLoader:240 - Cannot read IP mode file for wolfSSL.I-CUBE-wolfMQTT.1.19.2
2025-07-04 11:46:02,238 [WARN] PackLoader:240 - Cannot read IP mode file for STMicroelectronics.X-CUBE-AI.10.1.0
2025-07-04 11:46:02,281 [WARN] PackLoader:240 - Cannot read IP mode file for STMicroelectronics.X-CUBE-MEMS1.11.2.0
2025-07-04 11:46:02,418 [WARN] PackLoader:240 - Cannot read IP mode file for STMicroelectronics.X-CUBE-AZRTOS-G0.1.1.0
2025-07-04 11:46:02,426 [WARN] PackLoader:240 - Cannot read IP mode file for STMicroelectronics.X-CUBE-SAFEA1.1.2.2
2025-07-04 11:46:02,429 [WARN] PackLoader:240 - Cannot read IP mode file for STMicroelectronics.X-CUBE-NFC4.3.0.0
2025-07-04 11:46:02,437 [WARN] PackLoader:240 - Cannot read IP mode file for EmbeddedOffice.I-CUBE-FS-RTOS.1.0.1
2025-07-04 11:46:02,442 [WARN] PackLoader:240 - Cannot read IP mode file for STMicroelectronics.X-CUBE-WB05N.2.0.0
2025-07-04 11:46:02,448 [WARN] PackLoader:240 - Cannot read IP mode file for wolfSSL.I-CUBE-wolfTPM.3.8.0
2025-07-04 11:46:02,452 [WARN] PackLoader:240 - Cannot read IP mode file for STMicroelectronics.X-CUBE-TCPP.4.2.0
2025-07-04 11:46:02,456 [WARN] PackLoader:240 - Cannot read IP mode file for RealThread.X-CUBE-RT-Thread_Nano.4.1.1
2025-07-04 11:46:02,459 [WARN] PackLoader:240 - Cannot read IP mode file for STMicroelectronics.FP-ATR-SIGFOX1.3.2.0
2025-07-04 11:46:02,464 [WARN] PackLoader:240 - Cannot read IP mode file for STMicroelectronics.X-CUBE-EEPRMA1.5.1.0
2025-07-04 11:46:02,468 [WARN] PackLoader:240 - Cannot read IP mode file for ITTIA_DB.I-CUBE-ITTIADB.8.9.0
2025-07-04 11:46:02,472 [WARN] PackLoader:240 - Cannot read IP mode file for STMicroelectronics.X-CUBE-ST67W61.1.0.0
2025-07-04 11:46:02,485 [WARN] PackLoader:240 - Cannot read IP mode file for SEGGER.I-CUBE-embOS.1.3.1
2025-07-04 11:46:02,516 [WARN] PackLoader:240 - Cannot read IP mode file for STMicroelectronics.X-CUBE-ALGOBUILD.1.4.0
2025-07-04 11:46:02,584 [WARN] PackLoader:240 - Cannot read IP mode file for STMicroelectronics.X-CUBE-MEMS1.11.3.0
2025-07-04 11:46:02,684 [INFO] UserAuth:484 - Internet connection configuration mode: 1
2025-07-04 11:46:02,685 [WARN] PackLoader:240 - Cannot read IP mode file for STMicroelectronics.X-CUBE-PM33A1.1.0.0
2025-07-04 11:46:02,706 [WARN] PackLoader:240 - Cannot read IP mode file for STMicroelectronics.X-CUBE-AZRTOS-F4.1.1.0
2025-07-04 11:46:02,711 [WARN] PackLoader:240 - Cannot read IP mode file for Avnet-IotConnect.X-CUBE-IoTC-DA16k-PMOD.1.0.0
2025-07-04 11:46:02,715 [WARN] PackLoader:240 - Cannot read IP mode file for STMicroelectronics.X-CUBE-ISPU.2.1.0
2025-07-04 11:46:02,727 [WARN] PackLoader:240 - Cannot read IP mode file for STMicroelectronics.X-CUBE-AZRTOS-L5.2.0.0
2025-07-04 11:46:02,733 [WARN] PackLoader:240 - Cannot read IP mode file for STMicroelectronics.X-CUBE-NFC6.3.1.0
2025-07-04 11:46:02,739 [WARN] PackLoader:240 - Cannot read IP mode file for STMicroelectronics.X-CUBE-FREERTOS.1.3.1
2025-07-04 11:46:02,743 [WARN] PackLoader:240 - Cannot read IP mode file for STMicroelectronics.FP-SNS-STAIOTCFT.1.0.0
2025-07-04 11:46:02,746 [WARN] PackLoader:240 - Cannot read IP mode file for STMicroelectronics.X-CUBE-DPower.1.3.0
2025-07-04 11:46:02,755 [WARN] ConditionMgr:438 - getConditionDescription Invalid condition id : LAN8742 Phy interface Condition cause : null
2025-07-04 11:46:02,755 [WARN] PackLoader:240 - Cannot read IP mode file for STMicroelectronics.X-CUBE-AZRTOS-L4.2.0.0
2025-07-04 11:46:02,756 [WARN] ConditionMgr:1044 - genDependencies : Invalid condition id : LAN8742 Phy interface Condition cause : null
2025-07-04 11:46:02,756 [WARN] ConditionMgr:1044 - genDependencies : Invalid condition id : LAN8742 Phy interface Condition cause : null
2025-07-04 11:46:02,756 [WARN] ConditionMgr:1044 - genDependencies : Invalid condition id : LAN8742 Phy interface Condition cause : null
2025-07-04 11:46:02,762 [WARN] PackLoader:240 - Cannot read IP mode file for STMicroelectronics.X-CUBE-SFXS2LP1.4.0.0
2025-07-04 11:46:02,780 [WARN] PackLoader:240 - Cannot read IP mode file for STMicroelectronics.X-CUBE-AZRTOS-H7.3.3.0
2025-07-04 11:46:02,793 [WARN] ConditionMgr:438 - getConditionDescription Invalid condition id : UX DEVICE CLASS RTOS Condition cause : null
2025-07-04 11:46:02,793 [WARN] ConditionMgr:438 - getConditionDescription Invalid condition id : UX DEVICE CLASS RTOS Condition cause : null
2025-07-04 11:46:02,795 [WARN] PackLoader:240 - Cannot read IP mode file for STMicroelectronics.X-CUBE-AZRTOS-WB.2.0.0
2025-07-04 11:46:02,795 [WARN] ConditionMgr:1044 - genDependencies : Invalid condition id : UX DEVICE CLASS RTOS Condition cause : null
2025-07-04 11:46:02,796 [WARN] ConditionMgr:1044 - genDependencies : Invalid condition id : UX DEVICE CLASS RTOS Condition cause : null
2025-07-04 11:46:02,796 [WARN] ConditionMgr:1044 - genDependencies : Invalid condition id : UX DEVICE CLASS RTOS Condition cause : null
2025-07-04 11:46:02,796 [WARN] ConditionMgr:1044 - genDependencies : Invalid condition id : UX DEVICE CLASS RTOS Condition cause : null
2025-07-04 11:46:02,796 [WARN] ConditionMgr:1044 - genDependencies : Invalid condition id : UX DEVICE CLASS RTOS Condition cause : null
2025-07-04 11:46:02,801 [WARN] PackLoader:240 - Cannot read IP mode file for STMicroelectronics.X-CUBE-GNSS1.7.0.1
2025-07-04 11:46:02,805 [WARN] PackLoader:240 - Cannot read IP mode file for STMicroelectronics.X-CUBE-TOUCHGFX.4.25.0
2025-07-04 11:46:02,810 [WARN] PackLoader:240 - Cannot read IP mode file for STMicroelectronics.FP-SNS-STBOX1.2.0.0
2025-07-04 11:46:02,819 [WARN] PackLoader:240 - Cannot read IP mode file for STMicroelectronics.X-CUBE-SUBG2.5.0.0
2025-07-04 11:46:02,835 [WARN] PackLoader:240 - Cannot read IP mode file for STMicroelectronics.X-CUBE-AZRTOS-H7RS.1.1.0
2025-07-04 11:46:02,841 [WARN] PackLoader:240 - Cannot read IP mode file for Cesanta.I-CUBE-Mongoose.7.13.0
2025-07-04 11:46:02,849 [WARN] PackLoader:240 - Cannot read IP mode file for STMicroelectronics.X-CUBE-AZRTOS-G4.2.0.0
2025-07-04 11:46:02,854 [WARN] PackLoader:240 - Cannot read IP mode file for wolfSSL.I-CUBE-wolfSSH.1.4.20
2025-07-04 11:46:02,857 [WARN] PackLoader:240 - Cannot read IP mode file for STMicroelectronics.X-CUBE-NFC7.2.0.0
2025-07-04 11:46:02,867 [WARN] PackLoader:240 - Cannot read IP mode file for STMicroelectronics.X-CUBE-IPS.3.1.0
2025-07-04 11:46:02,874 [WARN] PackLoader:240 - Cannot read IP mode file for STMicroelectronics.X-CUBE-ALS.1.0.2
2025-07-04 11:46:02,879 [WARN] PackLoader:240 - Cannot read IP mode file for portGmbH.I-Cube-SoM-uGOAL.1.1.0
2025-07-04 11:46:02,886 [WARN] PackLoader:240 - Cannot read IP mode file for STMicroelectronics.X-CUBE-TOF1.3.4.3
2025-07-04 11:46:02,894 [INFO] ThirdParty:978 - Integrity check success = true
2025-07-04 11:46:02,895 [INFO] IntegrityCheckThread:100 - exiting critical section [integrity check]
2025-07-04 11:46:02,895 [INFO] IntegrityCheckThread:103 - End integrity checks thread
2025-07-04 11:46:49,403 [ERROR] LogOutputStream:75 - [STDERR_REDIRECT] 
