2025-09-02 15:23:33,140 [INFO] Activator:176 - 


2025-09-02 15:23:33,142 [INFO] Activator:177 - !SESSION log4j initialized
2025-09-02 15:23:39,445 [INFO] LogOutputStream:77 - [STDOUT_REDIRECT] 
2025-09-02 15:23:45,822 [INFO] ApplicationProperties:184 - Using Application install path: /opt/st/stm32cubeide_1.18.1/plugins/com.st.stm32cube.common.mx_6.14.1.202504091515
2025-09-02 15:23:45,832 [INFO] DbMcusXml:78 - Set database path to: /opt/st/stm32cubeide_1.18.1/plugins/com.st.stm32cube.common.mx_6.14.1.202504091515//db//mcu/
2025-09-02 15:23:45,832 [INFO] ApiDb:274 - Set plugin database path to: /opt/st/stm32cubeide_1.18.1/plugins/com.st.stm32cube.common.mx_6.14.1.202504091515//db//plugins/boardmanager/
2025-09-02 15:23:45,833 [WARN] ApiDb:259 - Overriding images path with different value:  => /opt/st/stm32cubeide_1.18.1/plugins/com.st.stm32cube.common.mx_6.14.1.202504091515//db//plugins/mcufinder/images/
2025-09-02 15:23:45,836 [INFO] ApiDb:250 - Set database path to: /home/if-himanshu/.stmcufinder/plugins/mcufinder//mcu/
2025-09-02 15:23:45,837 [INFO] DbMcusAds:125 - Set database path to: /home/if-himanshu/.stmcufinder/plugins/mcufinder//mcu/
2025-09-02 15:23:45,838 [INFO] CrossReferenceDbSqlite:203 - Set database path to: /home/if-himanshu/.stmcufinder/plugins/mcufinder//mcu/cs/
2025-09-02 15:23:45,912 [INFO] RulesReader:64 - Compatibility file has been processed (302 Rules)
2025-09-02 15:23:45,960 [INFO] DbMcusXml:78 - Set database path to: /opt/st/stm32cubeide_1.18.1/plugins/com.st.stm32cube.common.mx_6.14.1.202504091515//db//mcu/
2025-09-02 15:23:45,961 [INFO] ApiDb:274 - Set plugin database path to: /opt/st/stm32cubeide_1.18.1/plugins/com.st.stm32cube.common.mx_6.14.1.202504091515//db//plugins/boardmanager/
2025-09-02 15:23:45,961 [INFO] ApiDb:261 - Set plugin images path to: /opt/st/stm32cubeide_1.18.1/plugins/com.st.stm32cube.common.mx_6.14.1.202504091515//db//plugins/mcufinder/images/
2025-09-02 15:23:45,961 [WARN] DbFile:41 - Overriding database path with different value: /home/if-himanshu/.stmcufinder/plugins/mcufinder/ => /home/if-himanshu/.stmcufinder/plugins/mcufinder
2025-09-02 15:23:45,961 [INFO] ApiDb:250 - Set database path to: /home/if-himanshu/.stmcufinder/plugins/mcufinder//mcu/
2025-09-02 15:23:45,961 [WARN] DbFile:41 - Overriding database path with different value: /home/if-himanshu/.stmcufinder/plugins/mcufinder/ => /home/if-himanshu/.stmcufinder/plugins/mcufinder
2025-09-02 15:23:45,961 [INFO] DbMcusAds:125 - Set database path to: /home/if-himanshu/.stmcufinder/plugins/mcufinder//mcu/
2025-09-02 15:23:45,961 [WARN] DbFile:41 - Overriding database path with different value: /home/if-himanshu/.stmcufinder/plugins/mcufinder/ => /home/if-himanshu/.stmcufinder/plugins/mcufinder
2025-09-02 15:23:45,961 [WARN] DbFile:41 - Overriding database path with different value: /home/if-himanshu/.stmcufinder/plugins/mcufinder/ => /home/if-himanshu/.stmcufinder/plugins/mcufinder
2025-09-02 15:23:45,961 [INFO] CrossReferenceDbSqlite:203 - Set database path to: /home/if-himanshu/.stmcufinder/plugins/mcufinder//mcu/cs/
2025-09-02 15:23:46,006 [INFO] MainPanel:272 - HeapMemory: 268435456
2025-09-02 15:23:46,088 [INFO] DbMcusXml:78 - Set database path to: /opt/st/stm32cubeide_1.18.1/plugins/com.st.stm32cube.common.mx_6.14.1.202504091515//db//mcu/
2025-09-02 15:23:46,088 [INFO] ApiDb:274 - Set plugin database path to: /opt/st/stm32cubeide_1.18.1/plugins/com.st.stm32cube.common.mx_6.14.1.202504091515//db//plugins/boardmanager/
2025-09-02 15:23:46,088 [INFO] ApiDb:261 - Set plugin images path to: /opt/st/stm32cubeide_1.18.1/plugins/com.st.stm32cube.common.mx_6.14.1.202504091515//db//plugins/mcufinder/images/
2025-09-02 15:23:46,088 [WARN] DbFile:41 - Overriding database path with different value: /home/if-himanshu/.stmcufinder/plugins/mcufinder/ => /home/if-himanshu/.stmcufinder/plugins/mcufinder
2025-09-02 15:23:46,089 [INFO] ApiDb:250 - Set database path to: /home/if-himanshu/.stmcufinder/plugins/mcufinder//mcu/
2025-09-02 15:23:46,089 [WARN] DbFile:41 - Overriding database path with different value: /home/if-himanshu/.stmcufinder/plugins/mcufinder/ => /home/if-himanshu/.stmcufinder/plugins/mcufinder
2025-09-02 15:23:46,089 [INFO] DbMcusAds:125 - Set database path to: /home/if-himanshu/.stmcufinder/plugins/mcufinder//mcu/
2025-09-02 15:23:46,089 [WARN] DbFile:41 - Overriding database path with different value: /home/if-himanshu/.stmcufinder/plugins/mcufinder/ => /home/if-himanshu/.stmcufinder/plugins/mcufinder
2025-09-02 15:23:46,089 [WARN] DbFile:41 - Overriding database path with different value: /home/if-himanshu/.stmcufinder/plugins/mcufinder/ => /home/if-himanshu/.stmcufinder/plugins/mcufinder
2025-09-02 15:23:46,089 [INFO] CrossReferenceDbSqlite:203 - Set database path to: /home/if-himanshu/.stmcufinder/plugins/mcufinder//mcu/cs/
2025-09-02 15:23:46,099 [INFO] ApplicationProperties:184 - Using Application install path: /opt/st/stm32cubeide_1.18.1/plugins/com.st.stm32cube.common.mx_6.14.1.202504091515
2025-09-02 15:23:46,101 [INFO] PluginManage:196 - Search for loadable plugins [exclusion list=, ]
2025-09-02 15:23:46,101 [INFO] PluginManage:310 - Check plugin analytics
2025-09-02 15:23:49,263 [INFO] AnalyticsPlugin:253 - Accepted Software Licenses: STM32CubeMX.6.14.0,STM32CubeMX.6.14.1
2025-09-02 15:23:49,263 [INFO] AnalyticsPlugin:255 - Accepted CMSIS Pack Licenses: 
2025-09-02 15:23:49,263 [INFO] AnalyticsPlugin:257 - Accepted Firmware Licenses: FW.G0.1.6.0,FW.G4.1.6.0,FW.H5.1.5.0,FW.F4.1.28.0
2025-09-02 15:23:49,265 [INFO] PluginManage:359 - Loaded plugin analytics (category:tool,tabindex:-1)
2025-09-02 15:23:49,265 [INFO] PluginManage:310 - Check plugin cadmodel
2025-09-02 15:23:49,268 [INFO] CADModel:105 - Init CAD model plugin
2025-09-02 15:23:49,269 [INFO] PluginManage:359 - Loaded plugin cadmodel (category:power,tabindex:5)
2025-09-02 15:23:49,269 [INFO] PluginManage:310 - Check plugin clock
2025-09-02 15:23:49,275 [INFO] PluginManage:359 - Loaded plugin clock (category:base,tabindex:2)
2025-09-02 15:23:49,275 [INFO] PluginManage:310 - Check plugin ddr
2025-09-02 15:23:49,277 [INFO] PluginManage:359 - Loaded plugin ddr (category:tool,tabindex:6)
2025-09-02 15:23:49,277 [INFO] PluginManage:310 - Check plugin filemanager
2025-09-02 15:23:49,375 [INFO] PluginManage:359 - Loaded plugin filemanager (category:base,tabindex:10)
2025-09-02 15:23:49,375 [INFO] PluginManage:310 - Check plugin ipmanager
2025-09-02 15:23:49,379 [INFO] PluginManage:359 - Loaded plugin ipmanager (category:base,tabindex:5)
2025-09-02 15:23:49,379 [INFO] PluginManage:310 - Check plugin lpbam
2025-09-02 15:23:49,387 [INFO] PluginManage:359 - Loaded plugin lpbam (category:base,tabindex:0)
2025-09-02 15:23:49,387 [INFO] PluginManage:310 - Check plugin memorymap
2025-09-02 15:23:49,397 [INFO] PluginManage:359 - Loaded plugin memorymap (category:base,tabindex:4)
2025-09-02 15:23:49,397 [INFO] PluginManage:310 - Check plugin pinoutandconfiguration
2025-09-02 15:23:49,403 [INFO] PluginManage:359 - Loaded plugin pinoutandconfiguration (category:base,tabindex:1)
2025-09-02 15:23:49,403 [INFO] PluginManage:310 - Check plugin pinoutconfig
2025-09-02 15:23:49,470 [WARN] SupportedApi:132 - Cannot load RTOS API schema: s4s-elt-must-match.1: The content of 'definitions' must match (annotation?, (simpleType | complexType)?, (unique | key | keyref)*)). A problem was found starting at: attribute.
2025-09-02 15:23:49,554 [INFO] PluginManage:359 - Loaded plugin pinoutconfig (category:base,tabindex:0)
2025-09-02 15:23:49,554 [INFO] PluginManage:310 - Check plugin power
2025-09-02 15:23:49,561 [INFO] PluginManage:359 - Loaded plugin power (category:power,tabindex:4)
2025-09-02 15:23:49,561 [INFO] PluginManage:310 - Check plugin projectmanager
2025-09-02 15:23:49,573 [INFO] PluginManage:359 - Loaded plugin projectmanager (category:projectmanager,tabindex:4)
2025-09-02 15:23:49,573 [INFO] PluginManage:310 - Check plugin rif
2025-09-02 15:23:49,579 [INFO] PluginManage:359 - Loaded plugin rif (category:base,tabindex:3)
2025-09-02 15:23:49,579 [INFO] PluginManage:310 - Check plugin thirdparty
2025-09-02 15:23:49,673 [INFO] PluginManage:359 - Loaded plugin thirdparty (category:base,tabindex:-1)
2025-09-02 15:23:49,672 [WARN] IntegrityCheckThread:84 - waiting for thirdparty lock release [integrity check]
2025-09-02 15:23:49,673 [INFO] IntegrityCheckThread:86 - entering critical section [integrity check]
2025-09-02 15:23:49,673 [INFO] PluginManage:310 - Check plugin tools
2025-09-02 15:23:49,673 [INFO] ThirdPartyUpdaterWithRetryManager:70 - Updater plugin not ready yet. [1/15]
2025-09-02 15:23:49,676 [INFO] PluginManage:359 - Loaded plugin tools (category:base,tabindex:7)
2025-09-02 15:23:49,676 [INFO] PluginManage:310 - Check plugin tutovideos
2025-09-02 15:23:49,795 [INFO] PluginManage:359 - Loaded plugin tutovideos (category:base,tabindex:-1)
2025-09-02 15:23:49,795 [INFO] PluginManage:310 - Check plugin updater
2025-09-02 15:23:49,814 [INFO] PluginManage:359 - Loaded plugin updater (category:base,tabindex:12)
2025-09-02 15:23:49,814 [INFO] PluginManage:310 - Check plugin userauth
2025-09-02 15:23:49,818 [INFO] UserAuth:118 - Init User Auth plugin
2025-09-02 15:23:49,819 [INFO] PluginManage:359 - Loaded plugin userauth (category:base,tabindex:14)
2025-09-02 15:23:49,819 [INFO] PluginManage:283 - PluginManage : Loaded plugins [18]
2025-09-02 15:23:49,972 [INFO] PinOutPanel:1589 - setPackage(No Configuration,No Configuration)
2025-09-02 15:23:50,030 [INFO] CADModel:165 - CPN selected for project level
2025-09-02 15:23:50,030 [INFO] CADModel:114 - Register for checkConnection events
2025-09-02 15:23:50,043 [INFO] IPUIPlugin:80 - create IPUIPlugin
2025-09-02 15:23:50,043 [INFO] PluginManager:220 - loadIPPluginJar : add can
2025-09-02 15:23:50,044 [INFO] IPUIPlugin:80 - create IPUIPlugin
2025-09-02 15:23:50,045 [INFO] PluginManager:220 - loadIPPluginJar : add tsc
2025-09-02 15:23:50,050 [INFO] IPUIPlugin:80 - create IPUIPlugin
2025-09-02 15:23:50,050 [INFO] PluginManager:220 - loadIPPluginJar : add linkedlist
2025-09-02 15:23:50,052 [INFO] IPUIPlugin:80 - create IPUIPlugin
2025-09-02 15:23:50,052 [INFO] PluginManager:220 - loadIPPluginJar : add i2s
2025-09-02 15:23:50,053 [INFO] IPUIPlugin:80 - create IPUIPlugin
2025-09-02 15:23:50,053 [INFO] PluginManager:220 - loadIPPluginJar : add hash
2025-09-02 15:23:50,055 [INFO] IPUIPlugin:80 - create IPUIPlugin
2025-09-02 15:23:50,055 [INFO] PluginManager:220 - loadIPPluginJar : add dma3
2025-09-02 15:23:50,057 [INFO] IPUIPlugin:80 - create IPUIPlugin
2025-09-02 15:23:50,057 [INFO] PluginManager:220 - loadIPPluginJar : add sai
2025-09-02 15:23:50,059 [INFO] IPUIPlugin:80 - create IPUIPlugin
2025-09-02 15:23:50,059 [INFO] PluginManager:220 - loadIPPluginJar : add usbx
2025-09-02 15:23:50,060 [INFO] IPUIPlugin:80 - create IPUIPlugin
2025-09-02 15:23:50,060 [INFO] PluginManager:220 - loadIPPluginJar : add comp
2025-09-02 15:23:50,063 [INFO] IPUIPlugin:80 - create IPUIPlugin
2025-09-02 15:23:50,063 [INFO] PluginManager:220 - loadIPPluginJar : add gpio
2025-09-02 15:23:50,065 [INFO] IPUIPlugin:80 - create IPUIPlugin
2025-09-02 15:23:50,065 [INFO] PluginManager:220 - loadIPPluginJar : add ddr_ctrl_phy
2025-09-02 15:23:50,072 [INFO] IPUIPlugin:80 - create IPUIPlugin
2025-09-02 15:23:50,072 [INFO] PluginManager:220 - loadIPPluginJar : add freertos
2025-09-02 15:23:50,076 [INFO] IPUIPlugin:80 - create IPUIPlugin
2025-09-02 15:23:50,077 [INFO] PluginManager:220 - loadIPPluginJar : add nvic
2025-09-02 15:23:50,084 [INFO] IPUIPlugin:80 - create IPUIPlugin
2025-09-02 15:23:50,084 [INFO] PluginManager:220 - loadIPPluginJar : add adc
2025-09-02 15:23:50,087 [INFO] IPUIPlugin:80 - create IPUIPlugin
2025-09-02 15:23:50,087 [INFO] PluginManager:220 - loadIPPluginJar : add gic
2025-09-02 15:23:50,092 [INFO] IPUIPlugin:80 - create IPUIPlugin
2025-09-02 15:23:50,094 [INFO] PluginManager:220 - loadIPPluginJar : add plateformsettings
2025-09-02 15:23:50,097 [INFO] IPUIPlugin:80 - create IPUIPlugin
2025-09-02 15:23:50,097 [INFO] PluginManager:220 - loadIPPluginJar : add dfsdm
2025-09-02 15:23:50,099 [INFO] IPUIPlugin:80 - create IPUIPlugin
2025-09-02 15:23:50,099 [INFO] PluginManager:220 - loadIPPluginJar : add pdm2pcm
2025-09-02 15:23:50,100 [INFO] IPUIPlugin:80 - create IPUIPlugin
2025-09-02 15:23:50,100 [INFO] PluginManager:220 - loadIPPluginJar : add ucpd
2025-09-02 15:23:50,102 [INFO] IPUIPlugin:80 - create IPUIPlugin
2025-09-02 15:23:50,103 [INFO] PluginManager:220 - loadIPPluginJar : add ipddr
2025-09-02 15:23:50,105 [INFO] IPUIPlugin:80 - create IPUIPlugin
2025-09-02 15:23:50,105 [INFO] PluginManager:220 - loadIPPluginJar : add aes
2025-09-02 15:23:50,107 [INFO] IPUIPlugin:80 - create IPUIPlugin
2025-09-02 15:23:50,107 [INFO] PluginManager:220 - loadIPPluginJar : add openamp
2025-09-02 15:23:50,108 [INFO] IPUIPlugin:80 - create IPUIPlugin
2025-09-02 15:23:50,108 [INFO] PluginManager:220 - loadIPPluginJar : add tim
2025-09-02 15:23:50,110 [INFO] IPUIPlugin:80 - create IPUIPlugin
2025-09-02 15:23:50,111 [INFO] PluginManager:220 - loadIPPluginJar : add lorawan
2025-09-02 15:23:50,112 [INFO] IPUIPlugin:80 - create IPUIPlugin
2025-09-02 15:23:50,113 [INFO] PluginManager:220 - loadIPPluginJar : add cryp
2025-09-02 15:23:50,115 [INFO] IPUIPlugin:80 - create IPUIPlugin
2025-09-02 15:23:50,116 [INFO] PluginManager:220 - loadIPPluginJar : add fmc
2025-09-02 15:23:50,120 [INFO] IPUIPlugin:80 - create IPUIPlugin
2025-09-02 15:23:50,120 [INFO] PluginManager:220 - loadIPPluginJar : add mdma
2025-09-02 15:23:50,122 [INFO] IPUIPlugin:80 - create IPUIPlugin
2025-09-02 15:23:50,122 [INFO] PluginManager:220 - loadIPPluginJar : add extmemmanager
2025-09-02 15:23:50,124 [INFO] IPUIPlugin:80 - create IPUIPlugin
2025-09-02 15:23:50,124 [INFO] PluginManager:220 - loadIPPluginJar : add usart
2025-09-02 15:23:50,126 [INFO] IPUIPlugin:80 - create IPUIPlugin
2025-09-02 15:23:50,126 [INFO] PluginManager:220 - loadIPPluginJar : add opamp
2025-09-02 15:23:50,127 [INFO] IPUIPlugin:80 - create IPUIPlugin
2025-09-02 15:23:50,127 [INFO] PluginManager:220 - loadIPPluginJar : add radio
2025-09-02 15:23:50,129 [INFO] IPUIPlugin:80 - create IPUIPlugin
2025-09-02 15:23:50,129 [INFO] PluginManager:220 - loadIPPluginJar : add spi
2025-09-02 15:23:50,133 [INFO] IPUIPlugin:80 - create IPUIPlugin
2025-09-02 15:23:50,133 [INFO] PluginManager:220 - loadIPPluginJar : add stm32_wpan
2025-09-02 15:23:50,133 [INFO] IPUIPlugin:80 - create IPUIPlugin
2025-09-02 15:23:50,134 [INFO] PluginManager:220 - loadIPPluginJar : add quadspi
2025-09-02 15:23:50,134 [INFO] IPUIPlugin:80 - create IPUIPlugin
2025-09-02 15:23:50,134 [INFO] PluginManager:220 - loadIPPluginJar : add genericplugin
2025-09-02 15:23:50,138 [INFO] IPUIPlugin:80 - create IPUIPlugin
2025-09-02 15:23:50,139 [INFO] PluginManager:220 - loadIPPluginJar : add dma
2025-09-02 15:23:50,140 [INFO] IPUIPlugin:80 - create IPUIPlugin
2025-09-02 15:23:50,140 [INFO] PluginManager:220 - loadIPPluginJar : add gfxmmu
2025-09-02 15:23:50,142 [INFO] IPUIPlugin:80 - create IPUIPlugin
2025-09-02 15:23:50,142 [INFO] PluginManager:220 - loadIPPluginJar : add gtzc
2025-09-02 15:23:50,144 [INFO] IPUIPlugin:80 - create IPUIPlugin
2025-09-02 15:23:50,144 [INFO] PluginManager:220 - loadIPPluginJar : add i3c
2025-09-02 15:23:50,146 [INFO] IPUIPlugin:80 - create IPUIPlugin
2025-09-02 15:23:50,146 [INFO] PluginManager:220 - loadIPPluginJar : add i2c
2025-09-02 15:23:50,147 [INFO] IPUIPlugin:80 - create IPUIPlugin
2025-09-02 15:23:50,147 [INFO] PluginManager:220 - loadIPPluginJar : add ltdc
2025-09-02 15:23:50,148 [INFO] IPUIPlugin:80 - create IPUIPlugin
2025-09-02 15:23:50,148 [INFO] PluginManager:220 - loadIPPluginJar : add fatfs
2025-09-02 15:23:50,149 [INFO] IPUIPlugin:80 - create IPUIPlugin
2025-09-02 15:23:50,149 [INFO] PluginManager:220 - loadIPPluginJar : add tracer_emb
2025-09-02 15:23:50,151 [INFO] IPUIPlugin:80 - create IPUIPlugin
2025-09-02 15:23:50,151 [INFO] PluginManager:220 - loadIPPluginJar : add touchsensing
2025-09-02 15:23:50,153 [INFO] IPUIPlugin:80 - create IPUIPlugin
2025-09-02 15:23:50,154 [INFO] PluginManager:220 - loadIPPluginJar : add resmgrutility
2025-09-02 15:23:50,155 [INFO] IPUIPlugin:80 - create IPUIPlugin
2025-09-02 15:23:50,155 [INFO] PluginManager:220 - loadIPPluginJar : add ts
2025-09-02 15:23:50,250 [FATAL] Updater:351 - Updater called before beeing initialized
2025-09-02 15:23:50,276 [INFO] RulesReader:64 - Compatibility file has been processed (302 Rules)
2025-09-02 15:23:50,285 [INFO] RulesReader:64 - Compatibility file has been processed (302 Rules)
2025-09-02 15:23:50,292 [INFO] CADModel:165 - CPN selected for project level
2025-09-02 15:23:50,292 [INFO] CADModel:114 - Register for checkConnection events
2025-09-02 15:23:50,292 [FATAL] Updater:351 - Updater called before beeing initialized
2025-09-02 15:23:50,292 [ERROR] CADModel:125 - Updater not yet initialized, retry later 
2025-09-02 15:23:50,405 [FATAL] Updater:351 - Updater called before beeing initialized
2025-09-02 15:23:50,406 [INFO] CADModel:165 - CPN selected for project level
2025-09-02 15:23:50,407 [INFO] CADModel:114 - Register for checkConnection events
2025-09-02 15:23:50,407 [FATAL] Updater:351 - Updater called before beeing initialized
2025-09-02 15:23:50,407 [ERROR] CADModel:125 - Updater not yet initialized, retry later 
2025-09-02 15:23:50,409 [FATAL] Updater:351 - Updater called before beeing initialized
2025-09-02 15:23:50,477 [FATAL] Updater:351 - Updater called before beeing initialized
2025-09-02 15:23:50,480 [INFO] DbMcusAds:53 - JSON generation date=Tue Jul 08 13:44:23 IST 2025 (1751962463582)
2025-09-02 15:23:50,481 [FATAL] Updater:351 - Updater called before beeing initialized
2025-09-02 15:23:50,507 [WARN] DetailPanel:346 - Failed to get advertising image, set to default
2025-09-02 15:23:50,658 [FATAL] Updater:351 - Updater called before beeing initialized
2025-09-02 15:23:50,660 [FATAL] Updater:351 - Updater called before beeing initialized
2025-09-02 15:23:50,660 [FATAL] Updater:351 - Updater called before beeing initialized
2025-09-02 15:23:50,660 [WARN] DetailPanel:346 - Failed to get advertising image, set to default
2025-09-02 15:23:50,661 [FATAL] Updater:351 - Updater called before beeing initialized
2025-09-02 15:23:50,681 [ERROR] Updater:1198 - MainUpdater not yet initialized. External WinMGr cannot be set.
2025-09-02 15:23:50,682 [INFO] Updater:1134 - Updater Version found : 6.14.1
2025-09-02 15:23:50,696 [INFO] ApplicationProperties:184 - Using Application install path: /opt/st/stm32cubeide_1.18.1/plugins/com.st.stm32cube.common.mx_6.14.1.202504091515
2025-09-02 15:23:50,926 [INFO] MainUpdater:2872 - connection check result : 10
2025-09-02 15:23:50,926 [INFO] MainUpdater:3566 - Updater definition file requires update
2025-09-02 15:23:50,926 [INFO] MainUpdater:289 - Updater Check For Update Now.
2025-09-02 15:23:50,926 [INFO] MicroXplorer:498 - Change Database Version : DB.6.0.141
2025-09-02 15:23:50,938 [INFO] McuFinderGlobals:63 - Set McuFinder mode to 2 (CubeIDE integrated)
2025-09-02 15:23:50,939 [INFO] UserAuth:484 - Internet connection configuration mode: 1
2025-09-02 15:23:50,947 [INFO] ServerAccessManage:473 - Download File updaters.zip
2025-09-02 15:23:50,957 [INFO] JxBrowserEngine:152 - Initiate JxBrowser Engine with user profile folder
2025-09-02 15:23:51,018 [INFO] FileExtend:242 - Unzip File : updaters.zip
2025-09-02 15:23:51,018 [INFO] FileExtend:257 - Standard Zip Deflate
2025-09-02 15:23:51,156 [INFO] ServerAccessManage:473 - Download File PacksControlFlags.xml
2025-09-02 15:23:51,210 [INFO] ServerAccessManage:473 - Download File cubemx.pidx
2025-09-02 15:23:51,293 [INFO] LoadServerUpdatesThread:375 - End of LoadServerUpdate Thread
2025-09-02 15:23:51,440 [INFO] CheckServerUpdateThread:120 - End of CheckServer Thread
2025-09-02 15:23:51,652 [INFO] WebApp:169 - Instantiating new browser for Auth
2025-09-02 15:23:52,175 [INFO] WebApp:463 - Apply proxy settings
2025-09-02 15:23:52,176 [INFO] WebApp:548 - Chromium requires no authentication
2025-09-02 15:23:52,182 [INFO] WebApp:491 - Direct internet connection detected
2025-09-02 15:23:52,196 [INFO] WebApp:894 - Register for checkConnection events
2025-09-02 15:23:52,196 [INFO] WebApp:463 - Apply proxy settings
2025-09-02 15:23:52,196 [INFO] WebApp:548 - Chromium requires no authentication
2025-09-02 15:23:52,197 [INFO] WebApp:491 - Direct internet connection detected
2025-09-02 15:23:52,288 [INFO] WebApp:225 - Starting web application
2025-09-02 15:23:52,288 [INFO] WebApp:593 - Web application path used /opt/st/stm32cubeide_1.18.1/plugins/com.st.stm32cube.common.mx_6.14.1.202504091515/db/plugins/mcufinder/reactClient1/index.html
2025-09-02 15:23:52,517 [INFO] WebApp:191 - Connection restablished
2025-09-02 15:23:52,768 [WARN] PackLoader:240 - Cannot read IP mode file for STMicroelectronics.FP-SNS-MOTENVWB1.1.4.0
2025-09-02 15:23:52,774 [WARN] PackLoader:240 - Cannot read IP mode file for STMicroelectronics.FP-ATR-ASTRA1.2.0.2
2025-09-02 15:23:52,782 [WARN] PackLoader:240 - Cannot read IP mode file for STMicroelectronics.X-CUBE-SMBUS.2.1.0
2025-09-02 15:23:52,786 [WARN] PackLoader:240 - Cannot read IP mode file for STMicroelectronics.X-CUBE-ST60.1.0.0
2025-09-02 15:23:52,807 [WARN] PackLoader:240 - Cannot read IP mode file for STMicroelectronics.X-CUBE-AZRTOS-F7.1.1.0
2025-09-02 15:23:52,830 [WARN] PackLoader:240 - Cannot read IP mode file for Infineon.AIROC-Wi-Fi-Bluetooth-STM32.1.7.0
2025-09-02 15:23:52,858 [WARN] PackLoader:240 - Cannot read IP mode file for STMicroelectronics.X-CUBE-AZRTOS-H7.3.4.0
2025-09-02 15:23:52,866 [WARN] PackLoader:240 - Cannot read IP mode file for STMicroelectronics.X-CUBE-DISPLAY.3.0.0
2025-09-02 15:23:52,875 [WARN] PackLoader:240 - Cannot read IP mode file for STMicroelectronics.X-CUBE-NFC10.1.0.0
2025-09-02 15:23:52,883 [WARN] PackLoader:240 - Cannot read IP mode file for STMicroelectronics.X-CUBE-BLEMGR.4.0.0
2025-09-02 15:23:52,888 [WARN] PackLoader:240 - Cannot read IP mode file for emotas.I-CUBE-CANOPEN.1.3.0
2025-09-02 15:23:52,890 [WARN] ConditionMgr:438 - getConditionDescription Invalid condition id : Cortex-A Device cause : null
2025-09-02 15:23:52,898 [WARN] ConditionMgr:1044 - genDependencies : Invalid condition id : Cortex-A Device cause : null
2025-09-02 15:23:52,898 [WARN] ConditionMgr:1044 - genDependencies : Invalid condition id : Cortex-A Device cause : null
2025-09-02 15:23:52,898 [WARN] ConditionMgr:1044 - genDependencies : Invalid condition id : Cortex-A Device cause : null
2025-09-02 15:23:52,900 [WARN] PackLoader:240 - Cannot read IP mode file for STMicroelectronics.X-CUBE-AI.10.0.0
2025-09-02 15:23:52,903 [ERROR] Engine:466 - /home/if-himanshu/.stm32cubemx/thirdparties/pdsc/STMicroelectronics.FP-SNS-STBOX1.2.1.0.pdsc: PDSC version is not supported
2025-09-02 15:23:52,906 [WARN] PackLoader:240 - Cannot read IP mode file for STMicroelectronics.FP-SNS-SMARTAG2.1.2.0
2025-09-02 15:23:52,908 [WARN] PackLoader:240 - Cannot read IP mode file for STMicroelectronics.FP-SNS-FLIGHT1.5.1.0
2025-09-02 15:23:52,914 [INFO] LogOutputStream:77 - [STDOUT_REDIRECT] 1 : Invalid condition id : UX_CORESTACK_Condition cause : null
2025-09-02 15:23:52,915 [INFO] LogOutputStream:77 - [STDOUT_REDIRECT] 1 : Invalid condition id : UX_CORESTACK_Condition cause : null
2025-09-02 15:23:52,915 [INFO] LogOutputStream:77 - [STDOUT_REDIRECT] 1 : Invalid condition id : UX_CORESTACK_Condition cause : null
2025-09-02 15:23:52,915 [INFO] LogOutputStream:77 - [STDOUT_REDIRECT] 1 : Invalid condition id : UX_CORESTACK_Condition cause : null
2025-09-02 15:23:52,915 [INFO] LogOutputStream:77 - [STDOUT_REDIRECT] 1 : Invalid condition id : UX_CORESTACK_Condition cause : null
2025-09-02 15:23:52,917 [WARN] PackLoader:240 - Cannot read IP mode file for STMicroelectronics.X-CUBE-AZRTOS-WL.2.0.0
2025-09-02 15:23:52,922 [WARN] PackLoader:240 - Cannot read IP mode file for STMicroelectronics.FP-SNS-MOTENV1.5.0.0
2025-09-02 15:23:52,932 [WARN] PackLoader:240 - Cannot read IP mode file for WES.I-CUBE-Cesium.1.3.0
2025-09-02 15:23:52,936 [WARN] PackLoader:240 - Cannot read IP mode file for STMicroelectronics.X-CUBE-BLE2.3.3.0
2025-09-02 15:23:52,943 [WARN] PackLoader:240 - Cannot read IP mode file for STMicroelectronics.X-CUBE-NFC9.1.0.0
2025-09-02 15:23:52,949 [WARN] PackLoader:240 - Cannot read IP mode file for wolfSSL.I-CUBE-wolfSSL.5.8.0
2025-09-02 15:23:52,954 [WARN] PackLoader:240 - Cannot read IP mode file for STMicroelectronics.X-CUBE-BLE1.7.1.0
2025-09-02 15:23:52,957 [WARN] PackLoader:240 - Cannot read IP mode file for wolfSSL.I-CUBE-wolfMQTT.1.19.2
2025-09-02 15:23:52,963 [WARN] PackLoader:240 - Cannot read IP mode file for STMicroelectronics.X-CUBE-EEPRMA1.5.2.0
2025-09-02 15:23:52,970 [WARN] PackLoader:240 - Cannot read IP mode file for STMicroelectronics.X-CUBE-AI.10.1.0
2025-09-02 15:23:53,039 [WARN] PackLoader:240 - Cannot read IP mode file for STMicroelectronics.X-CUBE-MEMS1.11.2.0
2025-09-02 15:23:53,062 [INFO] UserAuth:484 - Internet connection configuration mode: 1
2025-09-02 15:23:53,221 [WARN] PackLoader:240 - Cannot read IP mode file for STMicroelectronics.X-CUBE-AZRTOS-G0.1.1.0
2025-09-02 15:23:53,227 [WARN] PackLoader:240 - Cannot read IP mode file for STMicroelectronics.X-CUBE-SAFEA1.1.2.2
2025-09-02 15:23:53,233 [WARN] PackLoader:240 - Cannot read IP mode file for STMicroelectronics.X-CUBE-NFC4.3.0.0
2025-09-02 15:23:53,242 [WARN] PackLoader:240 - Cannot read IP mode file for EmbeddedOffice.I-CUBE-FS-RTOS.1.0.1
2025-09-02 15:23:53,248 [WARN] PackLoader:240 - Cannot read IP mode file for STMicroelectronics.X-CUBE-WB05N.2.0.0
2025-09-02 15:23:53,252 [WARN] PackLoader:240 - Cannot read IP mode file for wolfSSL.I-CUBE-wolfTPM.3.8.0
2025-09-02 15:23:53,258 [WARN] PackLoader:240 - Cannot read IP mode file for STMicroelectronics.X-CUBE-TCPP.4.2.0
2025-09-02 15:23:53,263 [WARN] PackLoader:240 - Cannot read IP mode file for RealThread.X-CUBE-RT-Thread_Nano.4.1.1
2025-09-02 15:23:53,266 [WARN] PackLoader:240 - Cannot read IP mode file for STMicroelectronics.FP-ATR-SIGFOX1.3.2.0
2025-09-02 15:23:53,273 [WARN] PackLoader:240 - Cannot read IP mode file for STMicroelectronics.X-CUBE-EEPRMA1.5.1.0
2025-09-02 15:23:53,279 [WARN] PackLoader:240 - Cannot read IP mode file for ITTIA_DB.I-CUBE-ITTIADB.8.9.0
2025-09-02 15:23:53,285 [WARN] PackLoader:240 - Cannot read IP mode file for STMicroelectronics.X-CUBE-ST67W61.1.0.0
2025-09-02 15:23:53,290 [WARN] PackLoader:240 - Cannot read IP mode file for STMicroelectronics.X-CUBE-AI.10.2.0
2025-09-02 15:23:53,305 [WARN] PackLoader:240 - Cannot read IP mode file for SEGGER.I-CUBE-embOS.1.3.1
2025-09-02 15:23:53,330 [WARN] PackLoader:240 - Cannot read IP mode file for STMicroelectronics.X-CUBE-ALGOBUILD.1.4.0
2025-09-02 15:23:53,364 [WARN] PackLoader:240 - Cannot read IP mode file for STMicroelectronics.X-CUBE-MEMS1.11.3.0
2025-09-02 15:23:53,463 [WARN] PackLoader:240 - Cannot read IP mode file for STMicroelectronics.X-CUBE-PM33A1.1.0.0
2025-09-02 15:23:53,474 [WARN] PackLoader:240 - Cannot read IP mode file for STMicroelectronics.X-CUBE-AZRTOS-F4.1.1.0
2025-09-02 15:23:53,479 [WARN] PackLoader:240 - Cannot read IP mode file for Avnet-IotConnect.X-CUBE-IoTC-DA16k-PMOD.1.0.0
2025-09-02 15:23:53,482 [WARN] PackLoader:240 - Cannot read IP mode file for STMicroelectronics.X-CUBE-ISPU.2.1.0
2025-09-02 15:23:53,488 [WARN] PackLoader:240 - Cannot read IP mode file for STMicroelectronics.X-CUBE-NFC12.1.0.0
2025-09-02 15:23:53,516 [WARN] PackLoader:240 - Cannot read IP mode file for STMicroelectronics.X-CUBE-AZRTOS-L5.2.0.0
2025-09-02 15:23:53,527 [WARN] PackLoader:240 - Cannot read IP mode file for STMicroelectronics.X-CUBE-NFC6.3.1.0
2025-09-02 15:23:53,533 [WARN] PackLoader:240 - Cannot read IP mode file for STMicroelectronics.X-CUBE-FREERTOS.1.3.1
2025-09-02 15:23:53,539 [WARN] PackLoader:240 - Cannot read IP mode file for STMicroelectronics.FP-SNS-STAIOTCFT.1.0.0
2025-09-02 15:23:53,546 [WARN] PackLoader:240 - Cannot read IP mode file for STMicroelectronics.X-CUBE-DPower.1.3.0
2025-09-02 15:23:53,565 [WARN] ConditionMgr:438 - getConditionDescription Invalid condition id : LAN8742 Phy interface Condition cause : null
2025-09-02 15:23:53,566 [WARN] PackLoader:240 - Cannot read IP mode file for STMicroelectronics.X-CUBE-AZRTOS-L4.2.0.0
2025-09-02 15:23:53,567 [WARN] ConditionMgr:1044 - genDependencies : Invalid condition id : LAN8742 Phy interface Condition cause : null
2025-09-02 15:23:53,568 [WARN] ConditionMgr:1044 - genDependencies : Invalid condition id : LAN8742 Phy interface Condition cause : null
2025-09-02 15:23:53,569 [WARN] ConditionMgr:1044 - genDependencies : Invalid condition id : LAN8742 Phy interface Condition cause : null
2025-09-02 15:23:53,602 [WARN] PackLoader:240 - Cannot read IP mode file for STMicroelectronics.X-CUBE-SFXS2LP1.4.0.0
2025-09-02 15:23:53,626 [WARN] PackLoader:240 - Cannot read IP mode file for STMicroelectronics.X-CUBE-AZRTOS-H7.3.3.0
2025-09-02 15:23:53,640 [WARN] PackLoader:240 - Cannot read IP mode file for STMicroelectronics.X-CUBE-BLEMGR.4.1.0
2025-09-02 15:23:53,655 [WARN] ConditionMgr:438 - getConditionDescription Invalid condition id : UX DEVICE CLASS RTOS Condition cause : null
2025-09-02 15:23:53,655 [WARN] ConditionMgr:438 - getConditionDescription Invalid condition id : UX DEVICE CLASS RTOS Condition cause : null
2025-09-02 15:23:53,657 [WARN] PackLoader:240 - Cannot read IP mode file for STMicroelectronics.X-CUBE-AZRTOS-WB.2.0.0
2025-09-02 15:23:53,658 [WARN] ConditionMgr:1044 - genDependencies : Invalid condition id : UX DEVICE CLASS RTOS Condition cause : null
2025-09-02 15:23:53,658 [WARN] ConditionMgr:1044 - genDependencies : Invalid condition id : UX DEVICE CLASS RTOS Condition cause : null
2025-09-02 15:23:53,659 [WARN] ConditionMgr:1044 - genDependencies : Invalid condition id : UX DEVICE CLASS RTOS Condition cause : null
2025-09-02 15:23:53,660 [WARN] ConditionMgr:1044 - genDependencies : Invalid condition id : UX DEVICE CLASS RTOS Condition cause : null
2025-09-02 15:23:53,660 [WARN] ConditionMgr:1044 - genDependencies : Invalid condition id : UX DEVICE CLASS RTOS Condition cause : null
2025-09-02 15:23:53,665 [WARN] PackLoader:240 - Cannot read IP mode file for STMicroelectronics.X-CUBE-GNSS1.7.0.1
2025-09-02 15:23:53,671 [WARN] PackLoader:240 - Cannot read IP mode file for STMicroelectronics.X-CUBE-TOUCHGFX.4.25.0
2025-09-02 15:23:53,676 [WARN] PackLoader:240 - Cannot read IP mode file for STMicroelectronics.FP-SNS-STBOX1.2.0.0
2025-09-02 15:23:53,688 [WARN] PackLoader:240 - Cannot read IP mode file for STMicroelectronics.X-CUBE-SUBG2.5.0.0
2025-09-02 15:23:53,731 [WARN] PackLoader:240 - Cannot read IP mode file for STMicroelectronics.X-CUBE-AZRTOS-H7RS.1.1.0
2025-09-02 15:23:53,743 [WARN] PackLoader:240 - Cannot read IP mode file for Cesanta.I-CUBE-Mongoose.7.13.0
2025-09-02 15:23:53,766 [WARN] PackLoader:240 - Cannot read IP mode file for STMicroelectronics.X-CUBE-AZRTOS-G4.2.0.0
2025-09-02 15:23:53,776 [WARN] PackLoader:240 - Cannot read IP mode file for wolfSSL.I-CUBE-wolfSSH.1.4.20
2025-09-02 15:23:53,781 [WARN] PackLoader:240 - Cannot read IP mode file for STMicroelectronics.X-CUBE-NFC7.2.0.0
2025-09-02 15:23:53,799 [WARN] PackLoader:240 - Cannot read IP mode file for STMicroelectronics.X-CUBE-IPS.3.1.0
2025-09-02 15:23:53,813 [WARN] PackLoader:240 - Cannot read IP mode file for STMicroelectronics.X-CUBE-ALS.1.0.2
2025-09-02 15:23:53,822 [WARN] PackLoader:240 - Cannot read IP mode file for portGmbH.I-Cube-SoM-uGOAL.1.1.0
2025-09-02 15:23:53,840 [WARN] PackLoader:240 - Cannot read IP mode file for STMicroelectronics.X-CUBE-TOF1.3.4.3
2025-09-02 15:23:53,859 [INFO] ThirdParty:978 - Integrity check success = true
2025-09-02 15:23:53,860 [INFO] IntegrityCheckThread:100 - exiting critical section [integrity check]
2025-09-02 15:23:53,860 [INFO] IntegrityCheckThread:103 - End integrity checks thread
2025-09-02 16:58:24,852 [INFO] WebApp:194 - Connection lost
2025-09-02 17:00:03,273 [INFO] WebApp:191 - Connection restablished
2025-09-02 17:00:05,024 [INFO] WebApp:194 - Connection lost
2025-09-02 17:00:05,488 [INFO] WebApp:191 - Connection restablished
2025-09-02 17:38:20,537 [INFO] WebApp:194 - Connection lost
2025-09-02 17:38:20,776 [INFO] WebApp:191 - Connection restablished
2025-09-02 17:52:35,040 [INFO] WebApp:194 - Connection lost
2025-09-02 21:45:02,109 [INFO] WebApp:191 - Connection restablished
2025-09-02 21:45:03,990 [INFO] WebApp:194 - Connection lost
2025-09-02 21:45:04,196 [INFO] WebApp:191 - Connection restablished
